#
# A fatal error has been detected by the Java Runtime Environment:
#
#  EXCEPTION_ACCESS_VIOLATION (0xc0000005) at pc=0x0000000077151da0, pid=4480, tid=4360
#
# JRE version: Java(TM) SE Runtime Environment (8.0_45-b14) (build 1.8.0_45-b14)
# Java VM: Java HotSpot(TM) 64-Bit Server VM (25.45-b02 mixed mode windows-amd64 compressed oops)
# Problematic frame:
# C  [ntdll.dll+0x51da0]
#
# Failed to write core dump. Minidumps are not enabled by default on client versions of Windows
#
# If you would like to submit a bug report, please visit:
#   http://bugreport.java.com/bugreport/crash.jsp
#

---------------  T H R E A D  ---------------

Current thread (0x00000000593f2800):  JavaThread "JDWP Transport Listener: dt_socket" daemon [_thread_in_vm, id=4360, stack(0x0000000059ce0000,0x0000000059de0000)]

siginfo: ExceptionCode=0xc0000005, reading address 0x00000e60995deef8

Registers:
RAX=0x0000000057b4aca8, RBX=0x00000e60995deef0, RCX=0x000000ffffffffff, RDX=0x0000000059509370
RSP=0x0000000059ddf690, RBP=0x0000000000000000, RSI=0x00000000028b0000, RDI=0x0000000059509380
R8 =0x0000000059509380, R9 =0x000000000000ff00, R10=0x0000000000000000, R11=0x0000000059ddf9f8
R12=0x0000000000000000, R13=0x0000000057baf728, R14=0x0000000000000000, R15=0x0000000000000000
RIP=0x0000000077151da0, EFLAGS=0x0000000000010206

Top of Stack: (sp=0x0000000059ddf690)
0x0000000059ddf690:   0000000057ba1180 000000005b29b6a1
0x0000000059ddf6a0:   0000000000000006 0000000000000007
0x0000000059ddf6b0:   0000000057baf340 0000000058108d17
0x0000000059ddf6c0:   0000000000000006 000000005b1b926c
0x0000000059ddf6d0:   0000000000000000 0000000000000000
0x0000000059ddf6e0:   0000000057baf728 0000000000000000
0x0000000059ddf6f0:   00000000028b8e10 0000000059509380
0x0000000059ddf700:   0000000059ddf870 0000000076f02c7a
0x0000000059ddf710:   00000000028bbff0 00000000593f2800
0x0000000059ddf720:   0000000057baf728 00000000028b8e10
0x0000000059ddf730:   00000000593f2800 0000000058108d94
0x0000000059ddf740:   00000000028b8e10 0000000059ddf840
0x0000000059ddf750:   0000000000000000 0000000057baf728
0x0000000059ddf760:   00000000593f2800 000000005b221229
0x0000000059ddf770:   00000000028b8e10 00000000583e9155
0x0000000059ddf780:   00000000593f2800 00000000593f2800 

Instructions: (pc=0x0000000077151da0)
0x0000000077151d80:   ff ff 00 00 00 48 33 de 48 23 c1 48 c1 eb 04 48
0x0000000077151d90:   33 d8 48 33 1d 27 16 0e 00 48 c1 e3 04 0f 0d 0b
0x0000000077151da0:   4c 8b 63 08 49 bd 01 00 00 00 01 00 00 00 49 be
0x0000000077151db0:   ff 7f 00 00 ff ff ff ff c6 42 0f 80 c6 42 0e 00 


Register to memory mapping:

RAX=0x0000000057b4aca8 is an unknown value
RBX=0x00000e60995deef0 is an unknown value
RCX=0x000000ffffffffff is an unknown value
RDX=0x0000000059509370 is an unknown value
RSP=0x0000000059ddf690 is pointing into the stack for thread: 0x00000000593f2800
RBP=0x0000000000000000 is an unknown value
RSI=0x00000000028b0000 is an unknown value
RDI=0x0000000059509380 is an unknown value
R8 =0x0000000059509380 is an unknown value
R9 =0x000000000000ff00 is an unknown value
R10=0x0000000000000000 is an unknown value
R11=0x0000000059ddf9f8 is pointing into the stack for thread: 0x00000000593f2800
R12=0x0000000000000000 is an unknown value
R13=0x0000000057baf728 is an unknown value
R14=0x0000000000000000 is an unknown value
R15=0x0000000000000000 is an unknown value


Stack: [0x0000000059ce0000,0x0000000059de0000],  sp=0x0000000059ddf690,  free space=1021k
Native frames: (J=compiled Java code, j=interpreted, Vv=VM code, C=native code)


---------------  P R O C E S S  ---------------

Java Threads: ( => current thread )
  0x0000000059489000 JavaThread "Service Thread" daemon [_thread_blocked, id=4004, stack(0x000000005a580000,0x000000005a680000)]
  0x0000000059463800 JavaThread "C1 CompilerThread2" daemon [_thread_blocked, id=5512, stack(0x000000005a410000,0x000000005a510000)]
  0x0000000059411000 JavaThread "C2 CompilerThread1" daemon [_thread_blocked, id=5832, stack(0x000000005a2c0000,0x000000005a3c0000)]
  0x000000005940b000 JavaThread "C2 CompilerThread0" daemon [_thread_blocked, id=6808, stack(0x0000000059e30000,0x0000000059f30000)]
  0x00000000593fd800 JavaThread "JDWP Command Reader" daemon [_thread_in_native, id=5296, stack(0x000000005a0b0000,0x000000005a1b0000)]
  0x00000000593fc000 JavaThread "JDWP Event Helper Thread" daemon [_thread_blocked, id=6212, stack(0x0000000059f60000,0x000000005a060000)]
=>0x00000000593f2800 JavaThread "JDWP Transport Listener: dt_socket" daemon [_thread_in_vm, id=4360, stack(0x0000000059ce0000,0x0000000059de0000)]
  0x0000000057ba7000 JavaThread "Attach Listener" daemon [_thread_blocked, id=2016, stack(0x00000000592f0000,0x00000000593f0000)]
  0x0000000057ba4000 JavaThread "Signal Dispatcher" daemon [_thread_blocked, id=6628, stack(0x00000000590c0000,0x00000000591c0000)]
  0x0000000057b47000 JavaThread "Finalizer" daemon [_thread_blocked, id=4940, stack(0x0000000058ca0000,0x0000000058da0000)]
  0x0000000057b40000 JavaThread "Reference Handler" daemon [_thread_blocked, id=7084, stack(0x0000000058f10000,0x0000000059010000)]
  0x00000000028bf000 JavaThread "main" [_thread_blocked, id=6244, stack(0x0000000002b20000,0x0000000002c20000)]

Other Threads:
  0x0000000057b3a800 VMThread [stack: 0x0000000058df0000,0x0000000058ef0000] [id=4412]
  0x000000005948a000 WatcherThread [stack: 0x000000005a6f0000,0x000000005a7f0000] [id=5876]

VM state:not at safepoint (normal execution)

VM Mutex/Monitor currently owned by a thread: None

Heap:
 PSYoungGen      total 36864K, used 2539K [0x00000000d7200000, 0x00000000d9b00000, 0x0000000100000000)
  eden space 31744K, 8% used [0x00000000d7200000,0x00000000d747aef0,0x00000000d9100000)
  from space 5120K, 0% used [0x00000000d9600000,0x00000000d9600000,0x00000000d9b00000)
  to   space 5120K, 0% used [0x00000000d9100000,0x00000000d9100000,0x00000000d9600000)
 ParOldGen       total 84992K, used 0K [0x0000000085600000, 0x000000008a900000, 0x00000000d7200000)
  object space 84992K, 0% used [0x0000000085600000,0x0000000085600000,0x000000008a900000)
 Metaspace       used 2731K, capacity 4490K, committed 4864K, reserved 1056768K
  class space    used 301K, capacity 386K, committed 512K, reserved 1048576K

Card table byte_map: [0x00000000122b0000,0x0000000012690000] byte_map_base: 0x0000000011e85000

Marking Bits: (ParMarkBitMap*) 0x000000005b884040
 Begin Bits: [0x0000000013080000, 0x0000000014f28000)
 End Bits:   [0x0000000014f28000, 0x0000000016dd0000)

Polling page: 0x0000000002180000

CodeCache: size=245760Kb used=1137Kb max_used=1144Kb free=244622Kb
 bounds [0x0000000002ef0000, 0x0000000003160000, 0x0000000011ef0000]
 total_blobs=269 nmethods=37 adapters=155
 compilation: enabled

Compilation events (10 events):
Event: 0.283 Thread 0x0000000059463800   33       3       java.lang.System::getSecurityManager (4 bytes)
Event: 0.283 Thread 0x0000000059463800 nmethod 33 0x000000000300b050 code [0x000000000300b1a0, 0x000000000300b2d0]
Event: 0.284 Thread 0x0000000059411000   34       4       java.lang.String::charAt (29 bytes)
Event: 0.285 Thread 0x0000000059463800   35       3       java.util.HashMap::newNode (13 bytes)
Event: 0.285 Thread 0x0000000059411000 nmethod 34 0x000000000300e050 code [0x000000000300e1a0, 0x000000000300e278]
Event: 0.285 Thread 0x0000000059463800 nmethod 35 0x000000000300dad0 code [0x000000000300dc40, 0x000000000300def0]
Event: 0.285 Thread 0x0000000059463800   36       3       java.util.HashMap::afterNodeInsertion (1 bytes)
Event: 0.285 Thread 0x0000000059463800 nmethod 36 0x000000000300d7d0 code [0x000000000300d920, 0x000000000300da70]
Event: 0.289 Thread 0x0000000059463800   37       3       java.lang.AbstractStringBuilder::append (50 bytes)
Event: 0.289 Thread 0x0000000059463800 nmethod 37 0x000000000300cf50 code [0x000000000300d0e0, 0x000000000300d5e8]

GC Heap History (0 events):
No events

Deoptimization events (0 events):
No events

Internal exceptions (2 events):
Event: 0.079 Thread 0x00000000028bf000 Exception <a 'java/lang/NoSuchMethodError': Method sun.misc.Unsafe.defineClass(Ljava/lang/String;[BII)Ljava/lang/Class; name or signature does not match> (0x00000000d7212c40) thrown at [C:\re\workspace\8-2-build-windows-amd64-cygwin\jdk8u45\3457\hotspot\srçÚ7“³O´?
Event: 0.079 Thread 0x00000000028bf000 Exception <a 'java/lang/NoSuchMethodError': Method sun.misc.Unsafe.prefetchRead(Ljava/lang/Object;J)V name or signature does not match> (0x00000000d7212ed0) thrown at [C:\re\workspace\8-2-build-windows-amd64-cygwin\jdk8u45\3457\hotspot\src\share\vm\prims\j

Events (10 events):
Event: 0.286 Executing VM operation: ChangeBreakpoints
Event: 0.286 Executing VM operation: ChangeBreakpoints done
Event: 0.288 loading class java/lang/Void
Event: 0.288 loading class java/lang/Void done
Event: 0.288 loading class java/util/concurrent/ConcurrentHashMap$ForwardingNode
Event: 0.288 loading class java/util/concurrent/ConcurrentHashMap$ForwardingNode done
Event: 4.322 Executing VM operation: EnableBiasedLocking
Event: 4.322 Executing VM operation: EnableBiasedLocking done
Event: 510.641 Executing VM operation: RedefineClasses
Event: 510.642 Executing VM operation: RedefineClasses done


Dynamic libraries:
0x000000013f9b0000 - 0x000000013f9e7000 	C:\Program Files\Java\jre1.8.0_45\bin\javaw.exe
0x0000000077100000 - 0x00000000772ab000 	C:\Windows\SYSTEM32\ntdll.dll
0x0000000076ee0000 - 0x0000000076fff000 	C:\Windows\system32\kernel32.dll
0x000007fefd2c0000 - 0x000007fefd32b000 	C:\Windows\system32\KERNELBASE.dll
0x000007fefd4f0000 - 0x000007fefd5cb000 	C:\Windows\system32\ADVAPI32.dll
0x000007feff2a0000 - 0x000007feff33f000 	C:\Windows\system32\msvcrt.dll
0x000007fefe1c0000 - 0x000007fefe1df000 	C:\Windows\SYSTEM32\sechost.dll
0x000007fefd670000 - 0x000007fefd79e000 	C:\Windows\system32\RPCRT4.dll
0x0000000077000000 - 0x00000000770fa000 	C:\Windows\system32\USER32.dll
0x000007fefd480000 - 0x000007fefd4e7000 	C:\Windows\system32\GDI32.dll
0x000007fefe1b0000 - 0x000007fefe1be000 	C:\Windows\system32\LPK.dll
0x000007feff340000 - 0x000007feff40a000 	C:\Windows\system32\USP10.dll
0x000007fefb690000 - 0x000007fefb884000 	C:\Windows\WinSxS\amd64_microsoft.windows.common-controls_6595b64144ccf1df_6.0.7600.16385_none_fa645303170382f6\COMCTL32.dll
0x000007feff220000 - 0x000007feff291000 	C:\Windows\system32\SHLWAPI.dll
0x000007fefdb50000 - 0x000007fefdb7e000 	C:\Windows\system32\IMM32.DLL
0x000007fefdb80000 - 0x000007fefdc89000 	C:\Windows\system32\MSCTF.dll
0x000007fefce00000 - 0x000007fefce95000 	C:\Windows\system32\guard64.dll
0x000007fefddc0000 - 0x000007fefdfc1000 	C:\Windows\system32\ole32.dll
0x00000000772c0000 - 0x00000000772c7000 	C:\Windows\system32\PSAPI.DLL
0x000007fefcdd0000 - 0x000007fefcddc000 	C:\Windows\system32\VERSION.dll
0x000007fefcdc0000 - 0x000007fefcdc9000 	C:\Windows\system32\fltlib.dll
0x00000000580a0000 - 0x0000000058172000 	C:\Program Files\Java\jre1.8.0_45\bin\msvcr100.dll
0x000000005b080000 - 0x000000005b903000 	C:\Program Files\Java\jre1.8.0_45\bin\server\jvm.dll
0x000007fef0b60000 - 0x000007fef0b69000 	C:\Windows\system32\WSOCK32.dll
0x000007fefef70000 - 0x000007fefefbd000 	C:\Windows\system32\WS2_32.dll
0x000007fefd880000 - 0x000007fefd888000 	C:\Windows\system32\NSI.dll
0x000007fefbf60000 - 0x000007fefbf9b000 	C:\Windows\system32\WINMM.dll
0x000000005c190000 - 0x000000005c19f000 	C:\Program Files\Java\jre1.8.0_45\bin\verify.dll
0x000000005c130000 - 0x000000005c159000 	C:\Program Files\Java\jre1.8.0_45\bin\java.dll
0x00000000583d0000 - 0x0000000058405000 	C:\Program Files\Java\jre1.8.0_45\bin\jdwp.dll
0x000000005bff0000 - 0x000000005bff8000 	C:\Program Files\Java\jre1.8.0_45\bin\npt.dll
0x000000005c110000 - 0x000000005c126000 	C:\Program Files\Java\jre1.8.0_45\bin\zip.dll
0x000007fefe1e0000 - 0x000007fefef66000 	C:\Windows\system32\SHELL32.dll
0x000007fefd050000 - 0x000007fefd05f000 	C:\Windows\system32\profapi.dll
0x0000000072a60000 - 0x0000000072a69000 	C:\Program Files\Java\jre1.8.0_45\bin\dt_socket.dll
0x000007fefa600000 - 0x000007fefa615000 	C:\Windows\system32\NLAapi.dll
0x000007fefc7c0000 - 0x000007fefc814000 	C:\Windows\System32\mswsock.dll
0x000007fefc640000 - 0x000007fefc69b000 	C:\Windows\system32\DNSAPI.dll
0x000007fef8c90000 - 0x000007fef8c9b000 	C:\Windows\System32\winrnr.dll
0x000007fef8c70000 - 0x000007fef8c85000 	C:\Windows\system32\napinsp.dll
0x000007fef8c50000 - 0x000007fef8c69000 	C:\Windows\system32\pnrpnsp.dll
0x0000000072a00000 - 0x0000000072a35000 	C:\Program Files\Bonjour\mdnsNSP.dll
0x000007fefc0e0000 - 0x000007fefc107000 	C:\Windows\system32\Iphlpapi.DLL
0x000007fefc0d0000 - 0x000007fefc0db000 	C:\Windows\system32\WINNSI.DLL
0x000007fef9db0000 - 0x000007fef9e03000 	C:\Windows\System32\fwpuclnt.dll
0x000007fef8c40000 - 0x000007fef8c48000 	C:\Windows\system32\rasadhlp.dll
0x000007fefc1d0000 - 0x000007fefc1d7000 	C:\Windows\System32\wshtcpip.dll
0x000007fefbfa0000 - 0x000007fefc0c5000 	C:\Windows\system32\dbghelp.dll

VM Arguments:
jvm_args: -agentlib:jdwp=transport=dt_socket,suspend=y,address=localhost:54664 -Dfile.encoding=Cp1251 
java_command: homeWork3.MyMergeSort
java_class_path (initial): C:\Users\Krachunov\PragmaticWorkspace\Algorithms\bin
Launcher Type: SUN_STANDARD

Environment Variables:
PATH=C:/Program Files/Java/jre1.8.0_45/bin/server;C:/Program Files/Java/jre1.8.0_45/bin;C:/Program Files/Java/jre1.8.0_45/lib/amd64;C:\ProgramData\Oracle\Java\javapath;C:\Windows\system32;C:\Windows;C:\Windows\System32\Wbem;C:\Windows\System32\WindowsPowerShell\v1.0\;C:\Program Files (x86)\Intel\OpenCL SDK\3.0\bin\x86;C:\Program Files (x86)\Intel\OpenCL SDK\3.0\bin\x64;C:\Program Files (x86)\Skype\Phone\;C:\Users\Krachunov\Desktop\eclipse;
USERNAME=Krachunov
OS=Windows_NT
PROCESSOR_IDENTIFIER=Intel64 Family 6 Model 60 Stepping 3, GenuineIntel



---------------  S Y S T E M  ---------------

OS: Windows 7 , 64 bit Build 7600 (6.1.7600.16385)

CPU:total 4 (2 cores per cpu, 2 threads per core) family 6 model 60 stepping 3, cmov, cx8, fxsr, mmx, sse, sse2, sse3, ssse3, sse4.1, sse4.2, popcnt, aes, clmul, erms, lzcnt, ht, tsc, tscinvbit, bmi1, bmi2

Memory: 4k page, physical 8033420k(3772520k free), swap 16064944k(11183600k free)

vm_info: Java HotSpot(TM) 64-Bit Server VM (25.45-b02) for windows-amd64 JRE (1.8.0_45-b14), built on Apr 10 2015 10:34:15 by "java_re" with MS VC++ 10.0 (VS2010)

time: Fri Oct 09 16:09:30 2015
elapsed time: 510 seconds (0d 0h 8m 30s)

